2022-01-23 00:25:16,133 - DEBUG - utils - Функция "main" вызвана функцией "<module>" 
2022-01-23 00:25:16,133 - DEBUG - utils - Функция "main" вызвана функцией "<module>" 
2022-01-23 00:25:16,134 - DEBUG - server - Запуск сервера 
2022-01-23 00:25:16,134 - DEBUG - server - Запуск сервера 
2022-01-23 00:25:16,134 - DEBUG - server - Подключение к порту по-умолчанию. 
2022-01-23 00:25:16,134 - DEBUG - server - Подключение к порту по-умолчанию. 
2022-01-23 00:25:16,134 - DEBUG - server - Загружаем адрес для прослушки. 
2022-01-23 00:25:16,134 - DEBUG - server - Загружаем адрес для прослушки. 
2022-01-23 00:25:16,134 - DEBUG - server - Подключение к IP-адресу по умолчанию: 127.0.0.1. 
2022-01-23 00:25:16,134 - DEBUG - server - Подключение к IP-адресу по умолчанию: 127.0.0.1. 
2022-01-23 00:25:16,134 - DEBUG - server - Готовим сокет. 
2022-01-23 00:25:16,134 - DEBUG - server - Готовим сокет. 
2022-01-23 00:25:16,134 - DEBUG - server - Слушаем порт. 
2022-01-23 00:25:16,134 - DEBUG - server - Слушаем порт. 
2022-01-23 00:25:19,213 - DEBUG - utils - Функция "main" вызвана функцией "<module>" 
2022-01-23 00:25:19,216 - DEBUG - server - Принимаем соединение. 
2022-01-23 00:25:19,216 - DEBUG - server - Принимаем соединение. 
2022-01-23 00:25:19,216 - DEBUG - server - Попытка получения сообщения от клиента. 
2022-01-23 00:25:19,216 - DEBUG - server - Попытка получения сообщения от клиента. 
2022-01-23 00:25:19,216 - DEBUG - utils - Функция "create_presence" вызвана функцией "main" 
2022-01-23 00:25:19,217 - DEBUG - server - Принимаем сообщение: {'action': 'presense', 'time': 'Sun Jan 23 00:25:19 2022', 'user': {'account_name': 'Guest'}} 
2022-01-23 00:25:19,217 - DEBUG - server - Принимаем сообщение: {'action': 'presense', 'time': 'Sun Jan 23 00:25:19 2022', 'user': {'account_name': 'Guest'}} 
2022-01-23 00:25:19,217 - DEBUG - utils - Функция "process_client_message" вызвана функцией "main" 
2022-01-23 00:25:19,217 - DEBUG - utils - Функция "process_client_message" вызвана функцией "main" 
2022-01-23 00:25:19,217 - DEBUG - server - Проверяем корректность сообщения. 
2022-01-23 00:25:19,217 - DEBUG - server - Проверяем корректность сообщения. 
2022-01-23 00:25:19,217 - DEBUG - server - Корректное сообщение. 
2022-01-23 00:25:19,217 - DEBUG - server - Корректное сообщение. 
2022-01-23 00:25:19,217 - DEBUG - server - Успешная попытка получения сообщения от клиента. 
2022-01-23 00:25:19,217 - DEBUG - server - Успешная попытка получения сообщения от клиента. 
2022-01-23 00:25:19,217 - DEBUG - utils - Функция "process_ans" вызвана функцией "main" 
