2022-01-28 01:00:48,856 - DEBUG - server - Запуск сервера 
2022-01-28 01:00:48,856 - DEBUG - server - Запуск сервера 
2022-01-28 01:00:48,857 - DEBUG - server - Подключение к порту по-умолчанию. 
2022-01-28 01:00:48,857 - DEBUG - server - Подключение к порту по-умолчанию. 
2022-01-28 01:00:48,857 - DEBUG - server - Загружаем адрес для прослушки. 
2022-01-28 01:00:48,857 - DEBUG - server - Загружаем адрес для прослушки. 
2022-01-28 01:00:48,857 - DEBUG - server - Подключение к IP-адресу по умолчанию: 127.0.0.1. 
2022-01-28 01:00:48,857 - DEBUG - server - Подключение к IP-адресу по умолчанию: 127.0.0.1. 
2022-01-28 01:00:48,857 - DEBUG - server - Готовим сокет. 
2022-01-28 01:00:48,857 - DEBUG - server - Готовим сокет. 
2022-01-28 01:00:48,857 - DEBUG - server - Слушаем порт. 
2022-01-28 01:00:48,857 - DEBUG - server - Слушаем порт. 
2022-01-28 01:00:52,067 - DEBUG - server - Принимаем соединение. 
2022-01-28 01:00:52,067 - DEBUG - server - Принимаем соединение. 
2022-01-28 01:00:52,067 - DEBUG - server - Попытка получения сообщения от клиента. 
2022-01-28 01:00:52,067 - DEBUG - server - Попытка получения сообщения от клиента. 
2022-01-28 01:00:52,067 - DEBUG - server - Принимаем сообщение: {'action': 'presense', 'time': 'Fri Jan 28 01:00:52 2022', 'user': {'account_name': 'Guest'}} 
2022-01-28 01:00:52,067 - DEBUG - server - Принимаем сообщение: {'action': 'presense', 'time': 'Fri Jan 28 01:00:52 2022', 'user': {'account_name': 'Guest'}} 
2022-01-28 01:00:52,067 - DEBUG - server - Проверяем корректность сообщения. 
2022-01-28 01:00:52,067 - DEBUG - server - Проверяем корректность сообщения. 
2022-01-28 01:00:52,068 - DEBUG - server - Корректное сообщение. 
2022-01-28 01:00:52,068 - DEBUG - server - Корректное сообщение. 
2022-01-28 01:00:52,068 - DEBUG - decos - Была вызвана функция "process_client_message" из модуля "__main__" 
2022-01-28 01:00:52,068 - DEBUG - decos - Была вызвана функция "process_client_message" из модуля "__main__" 
2022-01-28 01:00:52,068 - DEBUG - server - Успешная попытка получения сообщения от клиента. 
2022-01-28 01:00:52,068 - DEBUG - server - Успешная попытка получения сообщения от клиента. 
