2022-02-11 00:14:22,098 - DEBUG - client - Старт клиента 
2022-02-11 00:14:22,098 - DEBUG - client - Подключение к порту и IP-адресу по умолчанию. PORT: 7777, IP: 127.0.0.1. 
2022-02-11 00:14:22,098 - DEBUG - client - Инициализация сокета и обмен 
2022-02-11 00:14:22,099 - DEBUG - client - Попытка подключения к серверу 
2022-02-11 00:14:22,099 - DEBUG - client - Генерируем запрос о присутствии клиента. 
2022-02-11 00:14:22,099 - DEBUG - decos - Была вызвана функция create_presence c параметрами (), {}. Вызов из модуля __main__ 
2022-02-11 00:14:22,099 - DEBUG - client - Успешная попытка подключения к серверу, отправляем сообщение: {'action': 'presence', 'time': 'Fri Feb 11 00:14:22 2022', 'user': {'account_name': 'Guest'}} 
2022-02-11 00:14:22,099 - DEBUG - client - Попытка получения ответа от сервера. 
2022-02-11 00:14:22,101 - DEBUG - client - Разбираем сообщение от сервера. 
2022-02-11 00:14:22,101 - DEBUG - decos - Была вызвана функция process_ans c параметрами ({'response': 200},), {}. Вызов из модуля __main__ 
2022-02-11 00:14:22,101 - DEBUG - client - Успешная попытка, ответ получен: 200: OK. 
2022-02-11 00:14:22,101 - DEBUG - decos - Была вызвана функция main c параметрами (), {}. Вызов из модуля __main__ 
2022-02-11 00:16:35,458 - DEBUG - client - Старт клиента 
2022-02-11 00:16:35,459 - DEBUG - client - В качестве порта может быть указано только число в диапазоне от 1024 до 65535 
2022-02-11 00:16:35,472 - DEBUG - client - Старт клиента 
2022-02-11 00:16:35,472 - DEBUG - client - В качестве порта может быть указано только число в диапазоне от 1024 до 65535 
2022-02-11 00:16:35,473 - DEBUG - client - Старт клиента 
2022-02-11 00:16:35,473 - DEBUG - client - В качестве порта может быть указано только число в диапазоне от 1024 до 65535 
2022-02-11 00:16:35,474 - DEBUG - client - Старт клиента 
2022-02-11 00:16:35,474 - DEBUG - client - В качестве порта может быть указано только число в диапазоне от 1024 до 65535 
2022-02-11 00:16:35,475 - DEBUG - client - Старт клиента 
2022-02-11 00:16:35,475 - DEBUG - client - В качестве порта может быть указано только число в диапазоне от 1024 до 65535 
2022-02-11 00:16:35,476 - DEBUG - client - Старт клиента 
2022-02-11 00:16:35,476 - DEBUG - client - В качестве порта может быть указано только число в диапазоне от 1024 до 65535 
2022-02-11 00:16:35,492 - DEBUG - client - Старт клиента 
2022-02-11 00:16:35,492 - DEBUG - client - В качестве порта может быть указано только число в диапазоне от 1024 до 65535 
2022-02-11 00:16:47,260 - DEBUG - client - Старт клиента 
2022-02-11 00:16:47,260 - DEBUG - client - В качестве порта может быть указано только число в диапазоне от 1024 до 65535 
2022-02-11 00:16:47,297 - DEBUG - client - Старт клиента 
2022-02-11 00:16:47,297 - DEBUG - client - В качестве порта может быть указано только число в диапазоне от 1024 до 65535 
2022-02-11 00:16:47,299 - DEBUG - client - Старт клиента 
2022-02-11 00:16:47,299 - DEBUG - client - В качестве порта может быть указано только число в диапазоне от 1024 до 65535 
2022-02-11 00:16:47,300 - DEBUG - client - Старт клиента 
2022-02-11 00:16:47,300 - DEBUG - client - В качестве порта может быть указано только число в диапазоне от 1024 до 65535 
2022-02-11 00:16:47,300 - DEBUG - client - Старт клиента 
2022-02-11 00:16:47,300 - DEBUG - client - В качестве порта может быть указано только число в диапазоне от 1024 до 65535 
2022-02-11 00:16:47,303 - DEBUG - client - Старт клиента 
2022-02-11 00:16:47,303 - DEBUG - client - В качестве порта может быть указано только число в диапазоне от 1024 до 65535 
2022-02-11 00:16:47,320 - DEBUG - client - Старт клиента 
2022-02-11 00:16:47,320 - DEBUG - client - В качестве порта может быть указано только число в диапазоне от 1024 до 65535 
2022-02-11 00:23:36,533 - DEBUG - decos - Была вызвана функция arg_parser c параметрами (), {}. Вызов из модуля __main__ 
2022-02-11 00:23:36,533 - INFO - client - Запущен клиент с парамертами: адрес сервера: 127.0.0.1, порт: 7777, режим работы: listen 
2022-02-11 00:23:36,533 - DEBUG - client - Сформировано presence сообщение для пользователя Guest 
2022-02-11 00:23:36,534 - DEBUG - decos - Была вызвана функция create_presence c параметрами (), {}. Вызов из модуля __main__ 
2022-02-11 00:23:36,535 - DEBUG - client - Разбор приветственного сообщения от сервера: {'response': 200} 
2022-02-11 00:23:36,535 - DEBUG - decos - Была вызвана функция process_response_ans c параметрами ({'response': 200},), {}. Вызов из модуля __main__ 
2022-02-11 00:23:36,535 - INFO - client - Установлено соединение с сервером. Ответ сервера: 200 : OK 
2022-02-11 00:25:52,940 - DEBUG - decos - Была вызвана функция arg_parser c параметрами (), {}. Вызов из модуля __main__ 
2022-02-11 00:25:52,940 - INFO - client - Запущен клиент с парамертами: адрес сервера: 127.0.0.1, порт: 7777, режим работы: listen 
2022-02-11 00:25:52,940 - DEBUG - client - Сформировано presence сообщение для пользователя Guest 
2022-02-11 00:25:52,941 - DEBUG - decos - Была вызвана функция create_presence c параметрами (), {}. Вызов из модуля __main__ 
2022-02-11 00:25:52,941 - DEBUG - client - Разбор приветственного сообщения от сервера: {'response': 200} 
2022-02-11 00:25:52,941 - DEBUG - decos - Была вызвана функция process_response_ans c параметрами ({'response': 200},), {}. Вызов из модуля __main__ 
2022-02-11 00:25:52,941 - INFO - client - Установлено соединение с сервером. Ответ сервера: 200 : OK 
2022-02-11 00:26:24,130 - DEBUG - decos - Была вызвана функция arg_parser c параметрами (), {}. Вызов из модуля __main__ 
2022-02-11 00:26:24,130 - INFO - client - Запущен клиент с парамертами: адрес сервера: 127.0.0.1, порт: 7777, режим работы: send 
2022-02-11 00:26:24,130 - DEBUG - decos - Была вызвана функция arg_parser c параметрами (), {}. Вызов из модуля __main__ 
2022-02-11 00:26:24,131 - INFO - client - Запущен клиент с парамертами: адрес сервера: 127.0.0.1, порт: 7777, режим работы: send 
2022-02-11 00:26:24,133 - DEBUG - client - Сформировано presence сообщение для пользователя Guest 
2022-02-11 00:26:24,133 - DEBUG - decos - Была вызвана функция create_presence c параметрами (), {}. Вызов из модуля __main__ 
2022-02-11 00:26:24,133 - DEBUG - decos - Была вызвана функция create_presence c параметрами (), {}. Вызов из модуля __main__ 
2022-02-11 00:26:24,133 - DEBUG - client - Разбор приветственного сообщения от сервера: {'response': 200} 
2022-02-11 00:26:24,133 - DEBUG - decos - Была вызвана функция process_response_ans c параметрами ({'response': 200},), {}. Вызов из модуля __main__ 
2022-02-11 00:26:24,134 - INFO - client - Установлено соединение с сервером. Ответ сервера: 200 : OK 
2022-02-11 00:26:24,134 - DEBUG - client - Разбор приветственного сообщения от сервера: {'response': 200} 
2022-02-11 00:26:24,135 - DEBUG - decos - Была вызвана функция process_response_ans c параметрами ({'response': 200},), {}. Вызов из модуля __main__ 
2022-02-11 00:26:24,135 - INFO - client - Установлено соединение с сервером. Ответ сервера: 200 : OK 
2022-02-11 00:26:24,139 - DEBUG - decos - Была вызвана функция arg_parser c параметрами (), {}. Вызов из модуля __main__ 
2022-02-11 00:26:24,139 - INFO - client - Запущен клиент с парамертами: адрес сервера: 127.0.0.1, порт: 7777, режим работы: listen 
2022-02-11 00:26:24,139 - DEBUG - decos - Была вызвана функция arg_parser c параметрами (), {}. Вызов из модуля __main__ 
2022-02-11 00:26:24,139 - INFO - client - Запущен клиент с парамертами: адрес сервера: 127.0.0.1, порт: 7777, режим работы: listen 
2022-02-11 00:26:24,140 - DEBUG - client - Сформировано presence сообщение для пользователя Guest 
2022-02-11 00:26:24,140 - DEBUG - decos - Была вызвана функция create_presence c параметрами (), {}. Вызов из модуля __main__ 
2022-02-11 00:26:24,140 - DEBUG - client - Сформировано presence сообщение для пользователя Guest 
2022-02-11 00:26:24,140 - DEBUG - decos - Была вызвана функция create_presence c параметрами (), {}. Вызов из модуля __main__ 
2022-02-11 00:26:24,140 - DEBUG - client - Разбор приветственного сообщения от сервера: {'response': 200} 
2022-02-11 00:26:24,140 - DEBUG - decos - Была вызвана функция process_response_ans c параметрами ({'response': 200},), {}. Вызов из модуля __main__ 
2022-02-11 00:26:24,141 - INFO - client - Установлено соединение с сервером. Ответ сервера: 200 : OK 
2022-02-11 00:26:24,141 - DEBUG - decos - Была вызвана функция arg_parser c параметрами (), {}. Вызов из модуля __main__ 
2022-02-11 00:26:24,141 - INFO - client - Запущен клиент с парамертами: адрес сервера: 127.0.0.1, порт: 7777, режим работы: listen 
2022-02-11 00:26:24,141 - DEBUG - client - Разбор приветственного сообщения от сервера: {'response': 200} 
2022-02-11 00:26:24,142 - DEBUG - decos - Была вызвана функция process_response_ans c параметрами ({'response': 200},), {}. Вызов из модуля __main__ 
2022-02-11 00:26:24,142 - INFO - client - Установлено соединение с сервером. Ответ сервера: 200 : OK 
2022-02-11 00:26:24,142 - DEBUG - client - Сформировано presence сообщение для пользователя Guest 
2022-02-11 00:26:24,142 - DEBUG - decos - Была вызвана функция create_presence c параметрами (), {}. Вызов из модуля __main__ 
2022-02-11 00:26:24,143 - DEBUG - client - Разбор приветственного сообщения от сервера: {'response': 200} 
2022-02-11 00:26:24,143 - DEBUG - decos - Была вызвана функция process_response_ans c параметрами ({'response': 200},), {}. Вызов из модуля __main__ 
2022-02-11 00:26:24,143 - INFO - client - Установлено соединение с сервером. Ответ сервера: 200 : OK 
2022-02-11 00:26:24,151 - DEBUG - decos - Была вызвана функция arg_parser c параметрами (), {}. Вызов из модуля __main__ 
2022-02-11 00:26:24,151 - INFO - client - Запущен клиент с парамертами: адрес сервера: 127.0.0.1, порт: 7777, режим работы: listen 
2022-02-11 00:26:24,152 - DEBUG - client - Сформировано presence сообщение для пользователя Guest 
2022-02-11 00:26:24,152 - DEBUG - decos - Была вызвана функция create_presence c параметрами (), {}. Вызов из модуля __main__ 
2022-02-11 00:26:24,153 - DEBUG - client - Разбор приветственного сообщения от сервера: {'response': 200} 
2022-02-11 00:26:24,153 - DEBUG - decos - Была вызвана функция process_response_ans c параметрами ({'response': 200},), {}. Вызов из модуля __main__ 
2022-02-11 00:26:24,153 - INFO - client - Установлено соединение с сервером. Ответ сервера: 200 : OK 
2022-02-11 00:26:24,155 - DEBUG - decos - Была вызвана функция arg_parser c параметрами (), {}. Вызов из модуля __main__ 
2022-02-11 00:26:24,155 - INFO - client - Запущен клиент с парамертами: адрес сервера: 127.0.0.1, порт: 7777, режим работы: listen 
2022-02-11 00:26:24,156 - DEBUG - client - Сформировано presence сообщение для пользователя Guest 
2022-02-11 00:26:24,156 - DEBUG - decos - Была вызвана функция create_presence c параметрами (), {}. Вызов из модуля __main__ 
2022-02-11 00:26:24,157 - DEBUG - client - Разбор приветственного сообщения от сервера: {'response': 200} 
2022-02-11 00:26:24,157 - DEBUG - decos - Была вызвана функция process_response_ans c параметрами ({'response': 200},), {}. Вызов из модуля __main__ 
2022-02-11 00:26:24,157 - INFO - client - Установлено соединение с сервером. Ответ сервера: 200 : OK 
2022-02-11 00:38:33,154 - DEBUG - my_client - Старт клиента 
2022-02-11 00:38:33,154 - DEBUG - my_client - Подключение к порту и IP-адресу по умолчанию. PORT: 7777, IP: 127.0.0.1. 
2022-02-11 00:38:33,154 - DEBUG - my_client - Инициализация сокета и обмен 
2022-02-11 00:38:56,191 - DEBUG - my_client - Старт клиента 
2022-02-11 00:38:56,192 - DEBUG - my_client - Подключение к порту и IP-адресу по умолчанию. PORT: 7777, IP: 127.0.0.1. 
2022-02-11 00:38:56,192 - DEBUG - my_client - Инициализация сокета и обмен 
2022-02-11 00:38:56,192 - DEBUG - my_client - Попытка подключения к серверу 
2022-02-11 00:38:56,192 - DEBUG - my_client - Генерируем запрос о присутствии клиента. 
2022-02-11 00:38:56,192 - DEBUG - decos - Была вызвана функция create_presence c параметрами (), {}. Вызов из модуля __main__ 
2022-02-11 00:38:56,192 - DEBUG - my_client - Успешная попытка подключения к серверу, отправляем сообщение: {'action': 'presence', 'time': 'Fri Feb 11 00:38:56 2022', 'user': {'account_name': 'Guest'}} 
2022-02-11 00:38:56,193 - DEBUG - my_client - Попытка получения ответа от сервера. 
2022-02-11 00:38:56,194 - DEBUG - my_client - Разбираем сообщение от сервера. 
2022-02-11 00:38:56,194 - DEBUG - decos - Была вызвана функция process_ans c параметрами ({'response': 200},), {}. Вызов из модуля __main__ 
2022-02-11 00:38:56,194 - DEBUG - my_client - Успешная попытка, ответ получен: 200: OK. 
2022-02-11 00:38:56,194 - DEBUG - decos - Была вызвана функция main c параметрами (), {}. Вызов из модуля __main__ 
2022-02-11 00:39:35,748 - DEBUG - my_client - Старт клиента 
2022-02-11 00:39:35,748 - DEBUG - my_client - В качестве порта может быть указано только число в диапазоне от 1024 до 65535 
2022-02-11 00:39:35,757 - DEBUG - my_client - Старт клиента 
2022-02-11 00:39:35,757 - DEBUG - my_client - В качестве порта может быть указано только число в диапазоне от 1024 до 65535 
2022-02-11 00:39:35,770 - DEBUG - my_client - Старт клиента 
2022-02-11 00:39:35,771 - DEBUG - my_client - В качестве порта может быть указано только число в диапазоне от 1024 до 65535 
2022-02-11 00:39:35,772 - DEBUG - my_client - Старт клиента 
2022-02-11 00:39:35,772 - DEBUG - my_client - В качестве порта может быть указано только число в диапазоне от 1024 до 65535 
2022-02-11 00:39:35,772 - DEBUG - my_client - Старт клиента 
2022-02-11 00:39:35,772 - DEBUG - my_client - В качестве порта может быть указано только число в диапазоне от 1024 до 65535 
2022-02-11 00:39:35,780 - DEBUG - my_client - Старт клиента 
2022-02-11 00:39:35,780 - DEBUG - my_client - В качестве порта может быть указано только число в диапазоне от 1024 до 65535 
2022-02-11 00:39:35,790 - DEBUG - my_client - Старт клиента 
2022-02-11 00:39:35,791 - DEBUG - my_client - В качестве порта может быть указано только число в диапазоне от 1024 до 65535 
2022-02-11 00:40:52,691 - DEBUG - my_client - Старт клиента 
2022-02-11 00:40:52,691 - DEBUG - my_client - В качестве порта может быть указано только число в диапазоне от 1024 до 65535 
2022-02-11 00:40:52,692 - DEBUG - my_client - Старт клиента 
2022-02-11 00:40:52,693 - DEBUG - my_client - В качестве порта может быть указано только число в диапазоне от 1024 до 65535 
2022-02-11 00:40:52,706 - DEBUG - my_client - Старт клиента 
2022-02-11 00:40:52,706 - DEBUG - my_client - В качестве порта может быть указано только число в диапазоне от 1024 до 65535 
2022-02-11 00:40:52,708 - DEBUG - my_client - Старт клиента 
2022-02-11 00:40:52,708 - DEBUG - my_client - В качестве порта может быть указано только число в диапазоне от 1024 до 65535 
2022-02-11 00:40:52,709 - DEBUG - my_client - Старт клиента 
2022-02-11 00:40:52,709 - DEBUG - my_client - В качестве порта может быть указано только число в диапазоне от 1024 до 65535 
2022-02-11 00:40:52,711 - DEBUG - my_client - Старт клиента 
2022-02-11 00:40:52,712 - DEBUG - my_client - В качестве порта может быть указано только число в диапазоне от 1024 до 65535 
2022-02-11 00:40:52,714 - DEBUG - my_client - Старт клиента 
2022-02-11 00:40:52,714 - DEBUG - my_client - В качестве порта может быть указано только число в диапазоне от 1024 до 65535 
2022-02-11 00:43:11,937 - DEBUG - my_client - Старт клиента 
2022-02-11 00:43:11,938 - DEBUG - my_client - В качестве порта может быть указано только число в диапазоне от 1024 до 65535 
2022-02-11 00:43:11,960 - DEBUG - my_client - Старт клиента 
2022-02-11 00:43:11,960 - DEBUG - my_client - В качестве порта может быть указано только число в диапазоне от 1024 до 65535 
2022-02-11 00:43:11,970 - DEBUG - my_client - Старт клиента 
2022-02-11 00:43:11,971 - DEBUG - my_client - В качестве порта может быть указано только число в диапазоне от 1024 до 65535 
2022-02-11 00:43:11,983 - DEBUG - my_client - Старт клиента 
2022-02-11 00:43:11,983 - DEBUG - my_client - В качестве порта может быть указано только число в диапазоне от 1024 до 65535 
2022-02-11 00:43:11,990 - DEBUG - my_client - Старт клиента 
2022-02-11 00:43:11,990 - DEBUG - my_client - В качестве порта может быть указано только число в диапазоне от 1024 до 65535 
2022-02-11 00:43:11,992 - DEBUG - my_client - Старт клиента 
2022-02-11 00:43:11,992 - DEBUG - my_client - В качестве порта может быть указано только число в диапазоне от 1024 до 65535 
2022-02-11 00:43:12,001 - DEBUG - my_client - Старт клиента 
2022-02-11 00:43:12,002 - DEBUG - my_client - В качестве порта может быть указано только число в диапазоне от 1024 до 65535 
2022-02-11 00:45:08,494 - DEBUG - my_client - Старт клиента 
2022-02-11 00:45:08,494 - DEBUG - my_client - В качестве порта может быть указано только число в диапазоне от 1024 до 65535 
2022-02-11 00:45:08,498 - DEBUG - my_client - Старт клиента 
2022-02-11 00:45:08,499 - DEBUG - my_client - В качестве порта может быть указано только число в диапазоне от 1024 до 65535 
2022-02-11 00:45:08,499 - DEBUG - my_client - Старт клиента 
2022-02-11 00:45:08,500 - DEBUG - my_client - В качестве порта может быть указано только число в диапазоне от 1024 до 65535 
2022-02-11 00:45:08,506 - DEBUG - my_client - Старт клиента 
2022-02-11 00:45:08,506 - DEBUG - my_client - В качестве порта может быть указано только число в диапазоне от 1024 до 65535 
2022-02-11 00:45:08,514 - DEBUG - my_client - Старт клиента 
2022-02-11 00:45:08,514 - DEBUG - my_client - В качестве порта может быть указано только число в диапазоне от 1024 до 65535 
2022-02-11 00:45:08,522 - DEBUG - my_client - Старт клиента 
2022-02-11 00:45:08,522 - DEBUG - my_client - В качестве порта может быть указано только число в диапазоне от 1024 до 65535 
2022-02-11 00:45:08,524 - DEBUG - my_client - Старт клиента 
2022-02-11 00:45:08,524 - DEBUG - my_client - В качестве порта может быть указано только число в диапазоне от 1024 до 65535 
2022-02-11 00:48:15,141 - DEBUG - my_client - Старт клиента 
2022-02-11 00:48:15,142 - DEBUG - my_client - В качестве порта может быть указано только число в диапазоне от 1024 до 65535 
2022-02-11 00:48:15,148 - DEBUG - my_client - Старт клиента 
2022-02-11 00:48:15,148 - DEBUG - my_client - В качестве порта может быть указано только число в диапазоне от 1024 до 65535 
2022-02-11 00:48:15,176 - DEBUG - my_client - Старт клиента 
2022-02-11 00:48:15,177 - DEBUG - my_client - В качестве порта может быть указано только число в диапазоне от 1024 до 65535 
2022-02-11 00:48:15,178 - DEBUG - my_client - Старт клиента 
2022-02-11 00:48:15,178 - DEBUG - my_client - В качестве порта может быть указано только число в диапазоне от 1024 до 65535 
2022-02-11 00:48:15,178 - DEBUG - my_client - Старт клиента 
2022-02-11 00:48:15,179 - DEBUG - my_client - В качестве порта может быть указано только число в диапазоне от 1024 до 65535 
2022-02-11 00:48:15,181 - DEBUG - my_client - Старт клиента 
2022-02-11 00:48:15,181 - DEBUG - my_client - В качестве порта может быть указано только число в диапазоне от 1024 до 65535 
2022-02-11 00:48:15,184 - DEBUG - my_client - Старт клиента 
2022-02-11 00:48:15,186 - DEBUG - my_client - В качестве порта может быть указано только число в диапазоне от 1024 до 65535 
2022-02-17 15:09:02,076 - DEBUG - decos - Была вызвана функция arg_parser c параметрами (), {}. Вызов из модуля __main__ 
2022-02-17 15:09:02,076 - INFO - client - Запущен клиент с парамертами: адрес сервера: 127.0.0.1, порт: 7777, режим работы: listen 
2022-02-17 15:09:02,077 - DEBUG - client - Сформировано presence сообщение для пользователя Guest 
2022-02-17 15:09:02,077 - DEBUG - decos - Была вызвана функция create_presence c параметрами (), {}. Вызов из модуля __main__ 
2022-02-17 15:09:02,078 - DEBUG - decos - Была вызвана функция arg_parser c параметрами (), {}. Вызов из модуля __main__ 
2022-02-17 15:09:02,078 - INFO - client - Запущен клиент с парамертами: адрес сервера: 127.0.0.1, порт: 7777, режим работы: send 
2022-02-17 15:09:02,078 - INFO - client - Запущен клиент с парамертами: адрес сервера: 127.0.0.1, порт: 7777, режим работы: listen 
2022-02-17 15:09:02,078 - DEBUG - client - Сформировано presence сообщение для пользователя Guest 
2022-02-17 15:09:02,078 - DEBUG - client - Сформировано presence сообщение для пользователя Guest 
2022-02-17 15:09:02,078 - DEBUG - decos - Была вызвана функция create_presence c параметрами (), {}. Вызов из модуля __main__ 
2022-02-17 15:09:02,079 - DEBUG - decos - Была вызвана функция create_presence c параметрами (), {}. Вызов из модуля __main__ 
2022-02-17 15:09:02,079 - DEBUG - client - Разбор приветственного сообщения от сервера: {'response': 200} 
2022-02-17 15:09:02,079 - DEBUG - decos - Была вызвана функция process_response_ans c параметрами ({'response': 200},), {}. Вызов из модуля __main__ 
2022-02-17 15:09:02,079 - INFO - client - Установлено соединение с сервером. Ответ сервера: 200 : OK 
2022-02-17 15:09:02,080 - DEBUG - client - Разбор приветственного сообщения от сервера: {'response': 200} 
2022-02-17 15:09:02,080 - DEBUG - decos - Была вызвана функция process_response_ans c параметрами ({'response': 200},), {}. Вызов из модуля __main__ 
2022-02-17 15:09:02,080 - INFO - client - Установлено соединение с сервером. Ответ сервера: 200 : OK 
2022-02-17 15:09:02,080 - DEBUG - client - Разбор приветственного сообщения от сервера: {'response': 200} 
2022-02-17 15:09:02,081 - DEBUG - decos - Была вызвана функция process_response_ans c параметрами ({'response': 200},), {}. Вызов из модуля __main__ 
2022-02-17 15:09:02,081 - INFO - client - Установлено соединение с сервером. Ответ сервера: 200 : OK 
2022-02-17 15:09:02,085 - DEBUG - decos - Была вызвана функция arg_parser c параметрами (), {}. Вызов из модуля __main__ 
2022-02-17 15:09:02,085 - INFO - client - Запущен клиент с парамертами: адрес сервера: 127.0.0.1, порт: 7777, режим работы: send 
2022-02-17 15:09:02,086 - DEBUG - client - Сформировано presence сообщение для пользователя Guest 
2022-02-17 15:09:02,086 - DEBUG - decos - Была вызвана функция create_presence c параметрами (), {}. Вызов из модуля __main__ 
2022-02-17 15:09:02,087 - DEBUG - client - Разбор приветственного сообщения от сервера: {'response': 200} 
2022-02-17 15:09:02,087 - DEBUG - decos - Была вызвана функция process_response_ans c параметрами ({'response': 200},), {}. Вызов из модуля __main__ 
2022-02-17 15:09:02,087 - INFO - client - Установлено соединение с сервером. Ответ сервера: 200 : OK 
2022-02-17 15:21:56,649 - DEBUG - client - Сформирован словарь сообщения: {'action': 'message', 'time': 1645100516.6492517, 'account_name': 'Guest', 'mess_text': 'sadf'} 
2022-02-17 15:21:56,649 - DEBUG - decos - Была вызвана функция create_message c параметрами (<socket.socket fd=460, family=AddressFamily.AF_INET, type=SocketKind.SOCK_STREAM, proto=0, laddr=('127.0.0.1', 49446), raddr=('127.0.0.1', 7777)>,), {}. Вызов из модуля __main__ 
2022-02-17 15:21:56,650 - ERROR - client - Соединение с сервером 127.0.0.1 было потеряно. 
