2022-01-23 00:25:16,134 - DEBUG - utils - Функция "main" вызвана функцией "<module>" 
2022-01-23 00:25:19,214 - DEBUG - utils - Функция "main" вызвана функцией "<module>" 
2022-01-23 00:25:19,214 - DEBUG - utils - Функция "main" вызвана функцией "<module>" 
2022-01-23 00:25:19,216 - DEBUG - client - Старт клиента 
2022-01-23 00:25:19,216 - DEBUG - client - Старт клиента 
2022-01-23 00:25:19,216 - DEBUG - client - Подключение к порту и IP-адресу по умолчанию. PORT: 7777, IP: 127.0.0.1. 
2022-01-23 00:25:19,216 - DEBUG - client - Подключение к порту и IP-адресу по умолчанию. PORT: 7777, IP: 127.0.0.1. 
2022-01-23 00:25:19,216 - DEBUG - client - Инициализация сокета и обмен 
2022-01-23 00:25:19,216 - DEBUG - client - Инициализация сокета и обмен 
2022-01-23 00:25:19,216 - DEBUG - client - Попытка подключения к серверу 
2022-01-23 00:25:19,216 - DEBUG - client - Попытка подключения к серверу 
2022-01-23 00:25:19,216 - DEBUG - utils - Функция "create_presence" вызвана функцией "main" 
2022-01-23 00:25:19,216 - DEBUG - utils - Функция "create_presence" вызвана функцией "main" 
2022-01-23 00:25:19,216 - DEBUG - client - Генерируем запрос о присутствии клиента. 
2022-01-23 00:25:19,216 - DEBUG - client - Генерируем запрос о присутствии клиента. 
2022-01-23 00:25:19,217 - DEBUG - client - Успешная попытка подключения к серверу, отправляем сообщение: {'action': 'presense', 'time': 'Sun Jan 23 00:25:19 2022', 'user': {'account_name': 'Guest'}} 
2022-01-23 00:25:19,217 - DEBUG - client - Успешная попытка подключения к серверу, отправляем сообщение: {'action': 'presense', 'time': 'Sun Jan 23 00:25:19 2022', 'user': {'account_name': 'Guest'}} 
2022-01-23 00:25:19,217 - DEBUG - client - Попытка получения ответа от сервера. 
2022-01-23 00:25:19,217 - DEBUG - client - Попытка получения ответа от сервера. 
2022-01-23 00:25:19,217 - DEBUG - utils - Функция "process_client_message" вызвана функцией "main" 
2022-01-23 00:25:19,217 - DEBUG - utils - Функция "process_ans" вызвана функцией "main" 
2022-01-23 00:25:19,217 - DEBUG - utils - Функция "process_ans" вызвана функцией "main" 
2022-01-23 00:25:19,218 - DEBUG - client - Разбираем сообщение от сервера. 
2022-01-23 00:25:19,218 - DEBUG - client - Разбираем сообщение от сервера. 
2022-01-23 00:25:19,218 - DEBUG - client - Успешная попытка, ответ получен: 200: OK. 
2022-01-23 00:25:19,218 - DEBUG - client - Успешная попытка, ответ получен: 200: OK. 
