2022-01-28 01:00:52,067 - DEBUG - client - Старт клиента 
2022-01-28 01:00:52,067 - DEBUG - client - Старт клиента 
2022-01-28 01:00:52,067 - DEBUG - client - Подключение к порту и IP-адресу по умолчанию. PORT: 7777, IP: 127.0.0.1. 
2022-01-28 01:00:52,067 - DEBUG - client - Подключение к порту и IP-адресу по умолчанию. PORT: 7777, IP: 127.0.0.1. 
2022-01-28 01:00:52,067 - DEBUG - client - Инициализация сокета и обмен 
2022-01-28 01:00:52,067 - DEBUG - client - Инициализация сокета и обмен 
2022-01-28 01:00:52,067 - DEBUG - client - Попытка подключения к серверу 
2022-01-28 01:00:52,067 - DEBUG - client - Попытка подключения к серверу 
2022-01-28 01:00:52,067 - DEBUG - client - Генерируем запрос о присутствии клиента. 
2022-01-28 01:00:52,067 - DEBUG - client - Генерируем запрос о присутствии клиента. 
2022-01-28 01:00:52,067 - DEBUG - decos - Была вызвана функция "create_presence" из модуля "__main__" 
2022-01-28 01:00:52,067 - DEBUG - decos - Была вызвана функция "create_presence" из модуля "__main__" 
2022-01-28 01:00:52,067 - DEBUG - client - Успешная попытка подключения к серверу, отправляем сообщение: {'action': 'presense', 'time': 'Fri Jan 28 01:00:52 2022', 'user': {'account_name': 'Guest'}} 
2022-01-28 01:00:52,067 - DEBUG - client - Успешная попытка подключения к серверу, отправляем сообщение: {'action': 'presense', 'time': 'Fri Jan 28 01:00:52 2022', 'user': {'account_name': 'Guest'}} 
2022-01-28 01:00:52,067 - DEBUG - client - Попытка получения ответа от сервера. 
2022-01-28 01:00:52,067 - DEBUG - client - Попытка получения ответа от сервера. 
2022-01-28 01:00:52,068 - DEBUG - client - Разбираем сообщение от сервера. 
2022-01-28 01:00:52,068 - DEBUG - client - Разбираем сообщение от сервера. 
2022-01-28 01:00:52,068 - DEBUG - decos - Была вызвана функция "process_ans" из модуля "__main__" 
2022-01-28 01:00:52,068 - DEBUG - decos - Была вызвана функция "process_ans" из модуля "__main__" 
2022-01-28 01:00:52,068 - DEBUG - client - Успешная попытка, ответ получен: 200: OK. 
2022-01-28 01:00:52,068 - DEBUG - client - Успешная попытка, ответ получен: 200: OK. 
2022-01-28 01:00:52,068 - DEBUG - decos - Была вызвана функция "main" из модуля "__main__" 
2022-01-28 01:00:52,068 - DEBUG - decos - Была вызвана функция "main" из модуля "__main__" 
